[2026-02-28 19:26:44] ============================================================
[2026-02-28 19:26:44] 🟢 Agent process started  PID=48117
[2026-02-28 19:26:44] ============================================================
[2026-02-28 19:26:44] /home/x/projects/tinyCell/platform/termux_backend/agent.py:335: DeprecationWarning: 
[2026-02-28 19:26:44]         on_event is deprecated, use lifespan event handlers instead.
[2026-02-28 19:26:44]         Read more about it in the
[2026-02-28 19:26:44]         [FastAPI docs for Lifespan Events](https://fastapi.tiangolo.com/advanced/events/).
[2026-02-28 19:26:44]   @app.on_event("startup")
[2026-02-28 19:26:44] Form data requires "python-multipart" to be installed. 
[2026-02-28 19:26:44] You can install "python-multipart" with: 
[2026-02-28 19:26:44] pip install python-multipart
[2026-02-28 19:26:44] Traceback (most recent call last):
[2026-02-28 19:26:44]   File "/home/x/projects/tinyCell/platform/termux_backend/agent.py", line 782, in <module>
[2026-02-28 19:26:44]     @app.post("/nas/upload-chunk")
[2026-02-28 19:26:44]      ~~~~~~~~^^^^^^^^^^^^^^^^^^^^^
[2026-02-28 19:26:44]   File "/usr/lib/python3.14/site-packages/fastapi/routing.py", line 1063, in decorator
[2026-02-28 19:26:44]     self.add_api_route(
[2026-02-28 19:26:44]     ~~~~~~~~~~~~~~~~~~^
[2026-02-28 19:26:44]         path,
[2026-02-28 19:26:44]         ^^^^^
[2026-02-28 19:26:44]     ...<23 lines>...
[2026-02-28 19:26:44]         generate_unique_id_function=generate_unique_id_function,
[2026-02-28 19:26:44]         ^^^^^^^^^^^^^^^^^^^^^^^^^^^^^^^^^^^^^^^^^^^^^^^^^^^^^^^^
[2026-02-28 19:26:44]     )
[2026-02-28 19:26:44]     ^
[2026-02-28 19:26:44]   File "/usr/lib/python3.14/site-packages/fastapi/routing.py", line 1002, in add_api_route
[2026-02-28 19:26:44]     route = route_class(
[2026-02-28 19:26:44]         self.prefix + path,
[2026-02-28 19:26:44]     ...<24 lines>...
[2026-02-28 19:26:44]         generate_unique_id_function=current_generate_unique_id,
[2026-02-28 19:26:44]     )
[2026-02-28 19:26:44]   File "/usr/lib/python3.14/site-packages/fastapi/routing.py", line 621, in __init__
[2026-02-28 19:26:44]     self.dependant = get_dependant(
[2026-02-28 19:26:44]                      ~~~~~~~~~~~~~^
[2026-02-28 19:26:44]         path=self.path_format, call=self.endpoint, scope="function"
[2026-02-28 19:26:44]         ^^^^^^^^^^^^^^^^^^^^^^^^^^^^^^^^^^^^^^^^^^^^^^^^^^^^^^^^^^^
[2026-02-28 19:26:44]     )
[2026-02-28 19:26:44]     ^
[2026-02-28 19:26:44]   File "/usr/lib/python3.14/site-packages/fastapi/dependencies/utils.py", line 276, in get_dependant
[2026-02-28 19:26:44]     param_details = analyze_param(
[2026-02-28 19:26:44]         param_name=param_name,
[2026-02-28 19:26:44]     ...<2 lines>...
[2026-02-28 19:26:44]         is_path_param=is_path_param,
[2026-02-28 19:26:44]     )
[2026-02-28 19:26:44]   File "/usr/lib/python3.14/site-packages/fastapi/dependencies/utils.py", line 495, in analyze_param
[2026-02-28 19:26:44]     ensure_multipart_is_installed()
[2026-02-28 19:26:44]     ~~~~~~~~~~~~~~~~~~~~~~~~~~~~~^^
[2026-02-28 19:26:44]   File "/usr/lib/python3.14/site-packages/fastapi/dependencies/utils.py", line 109, in ensure_multipart_is_installed
[2026-02-28 19:26:44]     raise RuntimeError(multipart_not_installed_error) from None
[2026-02-28 19:26:44] RuntimeError: Form data requires "python-multipart" to be installed. 
[2026-02-28 19:26:44] You can install "python-multipart" with: 
[2026-02-28 19:26:44] pip install python-multipart
